[INFO] Scanning for projects...
[INFO] 
[INFO] ---------------< fr.simplex-software.aws.iac:quarkus-s3 >---------------
[INFO] Building CDK Quarkus :: the S3 module 0.1
[INFO]   from pom.xml
[INFO] --------------------------------[ jar ]---------------------------------
[INFO] 
[INFO] --- resources:3.3.0:resources (default-resources) @ quarkus-s3 ---
[INFO] skip non existing resourceDirectory /home/cortex/source/aws/quarkus-s3/src/main/resources
[INFO] 
[INFO] --- quarkus:3.11.0:generate-code (default) @ quarkus-s3 ---
[INFO] 
[INFO] --- compiler:3.10.1:compile (default-compile) @ quarkus-s3 ---
[INFO] Nothing to compile - all classes are up to date
[INFO] 
[INFO] --- quarkus:3.11.0:generate-code-tests (default) @ quarkus-s3 ---
[INFO] 
[INFO] --- resources:3.3.0:testResources (default-testResources) @ quarkus-s3 ---
[INFO] skip non existing resourceDirectory /home/cortex/source/aws/quarkus-s3/src/test/resources
[INFO] 
[INFO] --- compiler:3.10.1:testCompile (default-testCompile) @ quarkus-s3 ---
[INFO] No sources to compile
[INFO] 
[INFO] --- surefire:3.0.0:test (default-test) @ quarkus-s3 ---
[INFO] 
[INFO] --- jar:3.3.0:jar (default-jar) @ quarkus-s3 ---
[INFO] Building jar: /home/cortex/source/aws/quarkus-s3/target/quarkus-s3.jar
[INFO] 
[INFO] --- quarkus:3.11.0:build (default) @ quarkus-s3 ---
[INFO] [io.quarkus.deployment.QuarkusAugmentor] Quarkus augmentation completed in 1684ms
[INFO] ------------------------------------------------------------------------
[INFO] BUILD SUCCESS
[INFO] ------------------------------------------------------------------------
[INFO] Total time:  7.794 s
[INFO] Finished at: 2024-06-11T20:16:11+02:00
[INFO] ------------------------------------------------------------------------
[WARNING] 
[WARNING] Plugin validation issues were detected in 2 plugin(s)
[WARNING] 
[WARNING]  * org.apache.maven.plugins:maven-compiler-plugin:3.10.1
[WARNING]  * org.apache.maven.plugins:maven-resources-plugin:3.3.0
[WARNING] 
[WARNING] For more or less details, use 'maven.plugin.validation' property with one of the values (case insensitive): [BRIEF, DEFAULT, VERBOSE]
[WARNING] 
__  ____  __  _____   ___  __ ____  ______ 
 --/ __ \/ / / / _ | / _ \/ //_/ / / / __/ 
 -/ /_/ / /_/ / __ |/ , _/ ,< / /_/ /\ \   
--\___\_\____/_/ |_/_/|_/_/|_|\____/___/   
2024-06-11 20:16:11,602 INFO  [io.quarkus] (main) quarkus-s3 0.1 on JVM (powered by Quarkus 3.11.0) started in 0.501s. 
2024-06-11 20:16:11,612 INFO  [io.quarkus] (main) Profile prod activated. 
2024-06-11 20:16:11,612 INFO  [io.quarkus] (main) Installed features: [cdi]
2024-06-11 20:16:13,231 INFO  [io.quarkus] (main) quarkus-s3 stopped in 0.011s

QuarkusStack

